Debugger attached.

> backend@1.0.0 build
> npm run build:base

Debugger attached.

> backend@1.0.0 build:base
> webpack

Debugger attached.
asset [1m[32mindex.bundle.js[39m[22m 6.05 MiB [1m[33m[compared for emit][39m[22m (name: main) 1 related asset
orphan modules 102 KiB [1m[33m[orphan][39m[22m 62 modules
runtime modules 1.37 KiB 6 modules
modules by path [1m../../node_modules/[39m[22m 5.32 MiB
  javascript modules 4.84 MiB
    cacheable modules 4.84 MiB 1057 modules
    [1m../../node_modules/express/lib/ sync[39m[22m 160 bytes [1m[33m[built][39m[22m [1m[33m[code generated][39m[22m
    [1m../../node_modules/mongodb/lib/ sync[39m[22m 160 bytes [1m[33m[optional][39m[22m [1m[33m[built][39m[22m [1m[33m[code generated][39m[22m
  json modules 498 KiB 27 modules
modules by path [1m./src/[39m[22m 90.8 KiB 23 modules
+ 27 modules

[1m[33mWARNING[39m[22m in [1m../../node_modules/@aws-sdk/util-user-agent-node/dist-es/is-crt-available.js[39m[22m [1m[32m3:96-114[39m[22m
[1mModule [1m[31mnot found[39m[22m[1m: [1m[31mError[39m[22m[1m: Can't resolve 'aws-crt' in 'D:\Portfolio\myPocket\node_modules\@aws-sdk\util-user-agent-node\dist-es'[39m[22m
 @ ../../node_modules/@aws-sdk/util-user-agent-node/dist-es/index.js 4:0-52 14:25-39
 @ ../../node_modules/@aws-sdk/client-cognito-identity/dist-es/runtimeConfig.js 11:0-65 29:12-28
 @ ../../node_modules/@aws-sdk/client-cognito-identity/dist-es/CognitoIdentityClient.js 12:0-73 15:26-44
 @ ../../node_modules/@aws-sdk/client-cognito-identity/dist-es/index.js 2:0-40 2:0-40
 @ ../../node_modules/@aws-sdk/credential-providers/dist-es/fromCognitoIdentityPool.js 1:0-73 5:16-37
 @ ../../node_modules/@aws-sdk/credential-providers/dist-es/index.js 2:0-42 2:0-42
 @ ../../node_modules/mongodb/lib/deps.js 35:35-75
 @ ../../node_modules/mongodb/lib/index.js 115:13-30
 @ ./src/controllers/logController.ts 48:16-34
 @ ./src/server.ts 51:38-75

[1m[33mWARNING[39m[22m in [1m../../node_modules/express/lib/view.js[39m[22m [1m[32m81:13-25[39m[22m
[1mCritical dependency: the request of a dependency is an expression[39m[22m
 @ ../../node_modules/express/lib/application.js 22:11-28
 @ ../../node_modules/express/lib/express.js 18:12-36
 @ ../../node_modules/express/index.js 11:0-41
 @ ./src/server.ts 44:32-50

[1m[33mWARNING[39m[22m in [1m../../node_modules/mongodb/lib/bson.js[39m[22m [1m[32m10:26-45[39m[22m
[1mModule [1m[31mnot found[39m[22m[1m: [1m[31mError[39m[22m[1m: Can't resolve 'bson-ext' in 'D:\Portfolio\myPocket\node_modules\mongodb\lib'[39m[22m
 @ ../../node_modules/mongodb/lib/index.js 8:15-32 46:13-30 48:13-30
Waiting for the debugger to disconnect...
 @ ./src/controllers/logController.ts 48:16-34
 @ ./src/server.ts 51:38-75

[1m[33mWARNING[39m[22m in [1m../../node_modules/mongodb/lib/deps.js[39m[22m [1m[32m24:4-42[39m[22m
[1mModule [1m[31mnot found[39m[22m[1m: [1m[31mError[39m[22m[1m: Can't resolve 'kerberos' in 'D:\Portfolio\myPocket\node_modules\mongodb\lib'[39m[22m
 @ ../../node_modules/mongodb/lib/index.js 115:13-30
 @ ./src/controllers/logController.ts 48:16-34
 @ ./src/server.ts 51:38-75

[1m[33mWARNING[39m[22m in [1m../../node_modules/mongodb/lib/deps.js[39m[22m [1m[32m29:4-51[39m[22m
[1mModule [1m[31mnot found[39m[22m[1m: [1m[31mError[39m[22m[1m: Can't resolve '@mongodb-js/zstd' in 'D:\Portfolio\myPocket\node_modules\mongodb\lib'[39m[22m
 @ ../../node_modules/mongodb/lib/index.js 115:13-30
 @ ./src/controllers/logController.ts 48:16-34
 @ ./src/server.ts 51:38-75

[1m[33mWARNING[39m[22m in [1m../../node_modules/mongodb/lib/deps.js[39m[22m [1m[32m47:4-38[39m[22m
[1mModule [1m[31mnot found[39m[22m[1m: [1m[31mError[39m[22m[1m: Can't resolve 'snappy' in 'D:\Portfolio\myPocket\node_modules\mongodb\lib'[39m[22m
 @ ../../node_modules/mongodb/lib/index.js 115:13-30
 @ ./src/controllers/logController.ts 48:16-34
 @ ./src/server.ts 51:38-75

[1m[33mWARNING[39m[22m in [1m../../node_modules/mongodb/lib/deps.js[39m[22m [1m[32m49:79-109[39m[22m
[1mModule [1m[31mnot found[39m[22m[1m: [1m[31mError[39m[22m[1m: Can't resolve 'snappy/package.json' in 'D:\Portfolio\myPocket\node_modules\mongodb\lib'[39m[22m
 @ ../../node_modules/mongodb/lib/index.js 115:13-30
 @ ./src/controllers/logController.ts 48:16-34
 @ ./src/server.ts 51:38-75

[1m[33mWARNING[39m[22m in [1m../../node_modules/mongodb/lib/deps.js[39m[22m [1m[32m64:4-34[39m[22m
[1mModule [1m[31mnot found[39m[22m[1m: [1m[31mError[39m[22m[1m: Can't resolve 'aws4' in 'D:\Portfolio\myPocket\node_modules\mongodb\lib'[39m[22m
 @ ../../node_modules/mongodb/lib/index.js 115:13-30
 @ ./src/controllers/logController.ts 48:16-34
 @ ./src/server.ts 51:38-75

[1m[33mWARNING[39m[22m in [1m../../node_modules/mongodb/lib/utils.js[39m[22m [1m[32m1067:38-93[39m[22m
[1mCritical dependency: the request of a dependency is an expression[39m[22m
 @ ../../node_modules/mongodb/lib/db.js 27:16-34
 @ ../../node_modules/mongodb/lib/index.js 27:13-28
 @ ./src/controllers/logController.ts 48:16-34
 @ ./src/server.ts 51:38-75

[1m[33mWARNING[39m[22m in [1m../../node_modules/mongodb/lib/utils.js[39m[22m [1m[32m1078:38-74[39m[22m
[1mModule [1m[31mnot found[39m[22m[1m: [1m[31mError[39m[22m[1m: Can't resolve 'mongodb-client-encryption' in 'D:\Portfolio\myPocket\node_modules\mongodb\lib'[39m[22m
 @ ../../node_modules/mongodb/lib/db.js 27:16-34
 @ ../../node_modules/mongodb/lib/index.js 27:13-28
 @ ./src/controllers/logController.ts 48:16-34
 @ ./src/server.ts 51:38-75

10 warnings have detailed information that is not shown.
Use 'stats.errorDetails: true' resp. '--stats-error-details' to show it.

webpack 5.75.0 compiled with [1m[33m10 warnings[39m[22m in 12001 ms
Waiting for the debugger to disconnect...
Waiting for the debugger to disconnect...
