
> openapi@1.0.0 install
> npm i

npm ERR! code 1
npm ERR! path D:\Portfolio\myPocket\packages\openapi
npm ERR! command failed
npm ERR! command C:\Windows\system32\cmd.exe /d /s /c npm i
npm ERR! npm ERR! code 1
npm ERR! npm ERR! path D:\Portfolio\myPocket\packages\openapi
npm ERR! npm ERR! command failed
npm ERR! npm ERR! command C:\Windows\system32\cmd.exe /d /s /c npm i
npm ERR! npm ERR! npm ERR! code 1
npm ERR! npm ERR! npm ERR! path D:\Portfolio\myPocket\packages\openapi
npm ERR! npm ERR! npm ERR! command failed
npm ERR! npm ERR! npm ERR! command C:\Windows\system32\cmd.exe /d /s /c npm i
npm ERR! npm ERR! npm ERR! npm ERR! code 1
npm ERR! npm ERR! npm ERR! npm ERR! path D:\Portfolio\myPocket\packages\openapi
npm ERR! npm ERR! npm ERR! npm ERR! command failed
npm ERR! npm ERR! npm ERR! npm ERR! command C:\Windows\system32\cmd.exe /d /s /c npm i
npm ERR! npm ERR! npm ERR! npm ERR! npm ERR! code 1
npm ERR! npm ERR! npm ERR! npm ERR! npm ERR! path D:\Portfolio\myPocket\packages\openapi
npm ERR! npm ERR! npm ERR! npm ERR! npm ERR! command failed
npm ERR! npm ERR! npm ERR! npm ERR! npm ERR! command C:\Windows\system32\cmd.exe /d /s /c npm i
npm ERR! npm ERR! npm ERR! npm ERR! npm ERR! npm ERR! code 1
npm ERR! npm ERR! npm ERR! npm ERR! npm ERR! npm ERR! path D:\Portfolio\myPocket\packages\openapi
npm ERR! npm ERR! npm ERR! npm ERR! npm ERR! npm ERR! command failed
npm ERR! npm ERR! npm ERR! npm ERR! npm ERR! npm ERR! command C:\Windows\system32\cmd.exe /d /s /c npm i
npm ERR! npm ERR! npm ERR! npm ERR! npm ERR! npm ERR! npm ERR! code 1
npm ERR! npm ERR! npm ERR! npm ERR! npm ERR! npm ERR! npm ERR! path D:\Portfolio\myPocket\packages\openapi
npm ERR! npm ERR! npm ERR! npm ERR! npm ERR! npm ERR! npm ERR! command failed
npm ERR! npm ERR! npm ERR! npm ERR! npm ERR! npm ERR! npm ERR! command C:\Windows\system32\cmd.exe /d /s /c npm i
npm ERR! npm ERR! npm ERR! npm ERR! npm ERR! npm ERR! npm ERR! npm ERR! code 1
npm ERR! npm ERR! npm ERR! npm ERR! npm ERR! npm ERR! npm ERR! npm ERR! path D:\Portfolio\myPocket\packages\openapi
npm ERR! npm ERR! npm ERR! npm ERR! npm ERR! npm ERR! npm ERR! npm ERR! command failed
npm ERR! npm ERR! npm ERR! npm ERR! npm ERR! npm ERR! npm ERR! npm ERR! command C:\Windows\system32\cmd.exe /d /s /c npm i
npm ERR! npm ERR! npm ERR! npm ERR! npm ERR! npm ERR! npm ERR! npm ERR! npm ERR! code 1
npm ERR! npm ERR! npm ERR! npm ERR! npm ERR! npm ERR! npm ERR! npm ERR! npm ERR! path D:\Portfolio\myPocket\packages\openapi
npm ERR! npm ERR! npm ERR! npm ERR! npm ERR! npm ERR! npm ERR! npm ERR! npm ERR! command failed
npm ERR! npm ERR! npm ERR! npm ERR! npm ERR! npm ERR! npm ERR! npm ERR! npm ERR! command C:\Windows\system32\cmd.exe /d /s /c npm i
npm ERR! npm ERR! npm ERR! npm ERR! npm ERR! npm ERR! npm ERR! npm ERR! npm ERR! npm ERR! code 1
npm ERR! npm ERR! npm ERR! npm ERR! npm ERR! npm ERR! npm ERR! npm ERR! npm ERR! npm ERR! path D:\Portfolio\myPocket\packages\openapi
npm ERR! npm ERR! npm ERR! npm ERR! npm ERR! npm ERR! npm ERR! npm ERR! npm ERR! npm ERR! command failed
npm ERR! npm ERR! npm ERR! npm ERR! npm ERR! npm ERR! npm ERR! npm ERR! npm ERR! npm ERR! command C:\Windows\system32\cmd.exe /d /s /c npm i
npm ERR! npm ERR! npm ERR! npm ERR! npm ERR! npm ERR! npm ERR! npm ERR! npm ERR! npm ERR! npm ERR! code 1
npm ERR! npm ERR! npm ERR! npm ERR! npm ERR! npm ERR! npm ERR! npm ERR! npm ERR! npm ERR! npm ERR! path D:\Portfolio\myPocket\packages\openapi
npm ERR! npm ERR! npm ERR! npm ERR! npm ERR! npm ERR! npm ERR! npm ERR! npm ERR! npm ERR! npm ERR! command failed
npm ERR! npm ERR! npm ERR! npm ERR! npm ERR! npm ERR! npm ERR! npm ERR! npm ERR! npm ERR! npm ERR! command C:\Windows\system32\cmd.exe /d /s /c npm i
npm ERR! npm ERR! npm ERR! npm ERR! npm ERR! npm ERR! npm ERR! npm ERR! npm ERR! npm ERR! npm ERR! npm ERR! code 1
npm ERR! npm ERR! npm ERR! npm ERR! npm ERR! npm ERR! npm ERR! npm ERR! npm ERR! npm ERR! npm ERR! npm ERR! path D:\Portfolio\myPocket\packages\openapi
npm ERR! npm ERR! npm ERR! npm ERR! npm ERR! npm ERR! npm ERR! npm ERR! npm ERR! npm ERR! npm ERR! npm ERR! command failed
npm ERR! npm ERR! npm ERR! npm ERR! npm ERR! npm ERR! npm ERR! npm ERR! npm ERR! npm ERR! npm ERR! npm ERR! command C:\Windows\system32\cmd.exe /d /s /c npm i
npm ERR! npm ERR! npm ERR! npm ERR! npm ERR! npm ERR! npm ERR! npm ERR! npm ERR! npm ERR! npm ERR! npm ERR! npm ERR! code 1
npm ERR! npm ERR! npm ERR! npm ERR! npm ERR! npm ERR! npm ERR! npm ERR! npm ERR! npm ERR! npm ERR! npm ERR! npm ERR! path D:\Portfolio\myPocket\packages\openapi
npm ERR! npm ERR! npm ERR! npm ERR! npm ERR! npm ERR! npm ERR! npm ERR! npm ERR! npm ERR! npm ERR! npm ERR! npm ERR! command failed
npm ERR! npm ERR! npm ERR! npm ERR! npm ERR! npm ERR! npm ERR! npm ERR! npm ERR! npm ERR! npm ERR! npm ERR! npm ERR! command C:\Windows\system32\cmd.exe /d /s /c npm i
npm ERR! npm ERR! npm ERR! npm ERR! npm ERR! npm ERR! npm ERR! npm ERR! npm ERR! npm ERR! npm ERR! npm ERR! npm ERR! npm ERR! code 1
npm ERR! npm ERR! npm ERR! npm ERR! npm ERR! npm ERR! npm ERR! npm ERR! npm ERR! npm ERR! npm ERR! npm ERR! npm ERR! npm ERR! path D:\Portfolio\myPocket\packages\openapi
npm ERR! npm ERR! npm ERR! npm ERR! npm ERR! npm ERR! npm ERR! npm ERR! npm ERR! npm ERR! npm ERR! npm ERR! npm ERR! npm ERR! command failed
npm ERR! npm ERR! npm ERR! npm ERR! npm ERR! npm ERR! npm ERR! npm ERR! npm ERR! npm ERR! npm ERR! npm ERR! npm ERR! npm ERR! command C:\Windows\system32\cmd.exe /d /s /c npm i
npm ERR! npm ERR! npm ERR! npm ERR! npm ERR! npm ERR! npm ERR! npm ERR! npm ERR! npm ERR! npm ERR! npm ERR! npm ERR! npm ERR! npm ERR! code 1
npm ERR! npm ERR! npm ERR! npm ERR! npm ERR! npm ERR! npm ERR! npm ERR! npm ERR! npm ERR! npm ERR! npm ERR! npm ERR! npm ERR! npm ERR! path D:\Portfolio\myPocket\packages\openapi
npm ERR! npm ERR! npm ERR! npm ERR! npm ERR! npm ERR! npm ERR! npm ERR! npm ERR! npm ERR! npm ERR! npm ERR! npm ERR! npm ERR! npm ERR! command failed
npm ERR! npm ERR! npm ERR! npm ERR! npm ERR! npm ERR! npm ERR! npm ERR! npm ERR! npm ERR! npm ERR! npm ERR! npm ERR! npm ERR! npm ERR! command C:\Windows\system32\cmd.exe /d /s /c npm i
npm ERR! npm ERR! npm ERR! npm ERR! npm ERR! npm ERR! npm ERR! npm ERR! npm ERR! npm ERR! npm ERR! npm ERR! npm ERR! npm ERR! npm ERR! npm ERR! code 1
npm ERR! npm ERR! npm ERR! npm ERR! npm ERR! npm ERR! npm ERR! npm ERR! npm ERR! npm ERR! npm ERR! npm ERR! npm ERR! npm ERR! npm ERR! npm ERR! path D:\Portfolio\myPocket\packages\openapi
npm ERR! npm ERR! npm ERR! npm ERR! npm ERR! npm ERR! npm ERR! npm ERR! npm ERR! npm ERR! npm ERR! npm ERR! npm ERR! npm ERR! npm ERR! npm ERR! command failed
npm ERR! npm ERR! npm ERR! npm ERR! npm ERR! npm ERR! npm ERR! npm ERR! npm ERR! npm ERR! npm ERR! npm ERR! npm ERR! npm ERR! npm ERR! npm ERR! command C:\Windows\system32\cmd.exe /d /s /c npm i
npm ERR! npm ERR! npm ERR! npm ERR! npm ERR! npm ERR! npm ERR! npm ERR! npm ERR! npm ERR! npm ERR! npm ERR! npm ERR! npm ERR! npm ERR! npm ERR! npm ERR! code 1
npm ERR! npm ERR! npm ERR! npm ERR! npm ERR! npm ERR! npm ERR! npm ERR! npm ERR! npm ERR! npm ERR! npm ERR! npm ERR! npm ERR! npm ERR! npm ERR! npm ERR! path D:\Portfolio\myPocket\packages\openapi
npm ERR! npm ERR! npm ERR! npm ERR! npm ERR! npm ERR! npm ERR! npm ERR! npm ERR! npm ERR! npm ERR! npm ERR! npm ERR! npm ERR! npm ERR! npm ERR! npm ERR! command failed
npm ERR! npm ERR! npm ERR! npm ERR! npm ERR! npm ERR! npm ERR! npm ERR! npm ERR! npm ERR! npm ERR! npm ERR! npm ERR! npm ERR! npm ERR! npm ERR! npm ERR! command C:\Windows\system32\cmd.exe /d /s /c npm i
npm ERR! npm ERR! npm ERR! npm ERR! npm ERR! npm ERR! npm ERR! npm ERR! npm ERR! npm ERR! npm ERR! npm ERR! npm ERR! npm ERR! npm ERR! npm ERR! npm ERR! npm ERR! code 1
npm ERR! npm ERR! npm ERR! npm ERR! npm ERR! npm ERR! npm ERR! npm ERR! npm ERR! npm ERR! npm ERR! npm ERR! npm ERR! npm ERR! npm ERR! npm ERR! npm ERR! npm ERR! path D:\Portfolio\myPocket\packages\openapi
npm ERR! npm ERR! npm ERR! npm ERR! npm ERR! npm ERR! npm ERR! npm ERR! npm ERR! npm ERR! npm ERR! npm ERR! npm ERR! npm ERR! npm ERR! npm ERR! npm ERR! npm ERR! command failed
npm ERR! npm ERR! npm ERR! npm ERR! npm ERR! npm ERR! npm ERR! npm ERR! npm ERR! npm ERR! npm ERR! npm ERR! npm ERR! npm ERR! npm ERR! npm ERR! npm ERR! npm ERR! command C:\Windows\system32\cmd.exe /d /s /c npm i
npm ERR! npm ERR! npm ERR! npm ERR! npm ERR! npm ERR! npm ERR! npm ERR! npm ERR! npm ERR! npm ERR! npm ERR! npm ERR! npm ERR! npm ERR! npm ERR! npm ERR! npm ERR! npm ERR! code 1
npm ERR! npm ERR! npm ERR! npm ERR! npm ERR! npm ERR! npm ERR! npm ERR! npm ERR! npm ERR! npm ERR! npm ERR! npm ERR! npm ERR! npm ERR! npm ERR! npm ERR! npm ERR! npm ERR! path D:\Portfolio\myPocket\packages\openapi
npm ERR! npm ERR! npm ERR! npm ERR! npm ERR! npm ERR! npm ERR! npm ERR! npm ERR! npm ERR! npm ERR! npm ERR! npm ERR! npm ERR! npm ERR! npm ERR! npm ERR! npm ERR! npm ERR! command failed
npm ERR! npm ERR! npm ERR! npm ERR! npm ERR! npm ERR! npm ERR! npm ERR! npm ERR! npm ERR! npm ERR! npm ERR! npm ERR! npm ERR! npm ERR! npm ERR! npm ERR! npm ERR! npm ERR! command C:\Windows\system32\cmd.exe /d /s /c npm i
npm ERR! npm ERR! npm ERR! npm ERR! npm ERR! npm ERR! npm ERR! npm ERR! npm ERR! npm ERR! npm ERR! npm ERR! npm ERR! npm ERR! npm ERR! npm ERR! npm ERR! npm ERR! npm ERR! npm ERR! code 1
npm ERR! npm ERR! npm ERR! npm ERR! npm ERR! npm ERR! npm ERR! npm ERR! npm ERR! npm ERR! npm ERR! npm ERR! npm ERR! npm ERR! npm ERR! npm ERR! npm ERR! npm ERR! npm ERR! npm ERR! path D:\Portfolio\myPocket\packages\openapi
npm ERR! npm ERR! npm ERR! npm ERR! npm ERR! npm ERR! npm ERR! npm ERR! npm ERR! npm ERR! npm ERR! npm ERR! npm ERR! npm ERR! npm ERR! npm ERR! npm ERR! npm ERR! npm ERR! npm ERR! command failed
npm ERR! npm ERR! npm ERR! npm ERR! npm ERR! npm ERR! npm ERR! npm ERR! npm ERR! npm ERR! npm ERR! npm ERR! npm ERR! npm ERR! npm ERR! npm ERR! npm ERR! npm ERR! npm ERR! npm ERR! command C:\Windows\system32\cmd.exe /d /s /c npm i
npm ERR! npm ERR! npm ERR! npm ERR! npm ERR! npm ERR! npm ERR! npm ERR! npm ERR! npm ERR! npm ERR! npm ERR! npm ERR! npm ERR! npm ERR! npm ERR! npm ERR! npm ERR! npm ERR! npm ERR! npm ERR! code 1
npm ERR! npm ERR! npm ERR! npm ERR! npm ERR! npm ERR! npm ERR! npm ERR! npm ERR! npm ERR! npm ERR! npm ERR! npm ERR! npm ERR! npm ERR! npm ERR! npm ERR! npm ERR! npm ERR! npm ERR! npm ERR! path D:\Portfolio\myPocket\packages\openapi
npm ERR! npm ERR! npm ERR! npm ERR! npm ERR! npm ERR! npm ERR! npm ERR! npm ERR! npm ERR! npm ERR! npm ERR! npm ERR! npm ERR! npm ERR! npm ERR! npm ERR! npm ERR! npm ERR! npm ERR! npm ERR! command failed
npm ERR! npm ERR! npm ERR! npm ERR! npm ERR! npm ERR! npm ERR! npm ERR! npm ERR! npm ERR! npm ERR! npm ERR! npm ERR! npm ERR! npm ERR! npm ERR! npm ERR! npm ERR! npm ERR! npm ERR! npm ERR! command C:\Windows\system32\cmd.exe /d /s /c npm i
npm ERR! npm ERR! npm ERR! npm ERR! npm ERR! npm ERR! npm ERR! npm ERR! npm ERR! npm ERR! npm ERR! npm ERR! npm ERR! npm ERR! npm ERR! npm ERR! npm ERR! npm ERR! npm ERR! npm ERR! npm ERR! npm ERR! code 1
npm ERR! npm ERR! npm ERR! npm ERR! npm ERR! npm ERR! npm ERR! npm ERR! npm ERR! npm ERR! npm ERR! npm ERR! npm ERR! npm ERR! npm ERR! npm ERR! npm ERR! npm ERR! npm ERR! npm ERR! npm ERR! npm ERR! path D:\Portfolio\myPocket\packages\openapi
npm ERR! npm ERR! npm ERR! npm ERR! npm ERR! npm ERR! npm ERR! npm ERR! npm ERR! npm ERR! npm ERR! npm ERR! npm ERR! npm ERR! npm ERR! npm ERR! npm ERR! npm ERR! npm ERR! npm ERR! npm ERR! npm ERR! command failed
npm ERR! npm ERR! npm ERR! npm ERR! npm ERR! npm ERR! npm ERR! npm ERR! npm ERR! npm ERR! npm ERR! npm ERR! npm ERR! npm ERR! npm ERR! npm ERR! npm ERR! npm ERR! npm ERR! npm ERR! npm ERR! npm ERR! command C:\Windows\system32\cmd.exe /d /s /c npm i
npm ERR! npm ERR! npm ERR! npm ERR! npm ERR! npm ERR! npm ERR! npm ERR! npm ERR! npm ERR! npm ERR! npm ERR! npm ERR! npm ERR! npm ERR! npm ERR! npm ERR! npm ERR! npm ERR! npm ERR! npm ERR! npm ERR! npm ERR! code 1
npm ERR! npm ERR! npm ERR! npm ERR! npm ERR! npm ERR! npm ERR! npm ERR! npm ERR! npm ERR! npm ERR! npm ERR! npm ERR! npm ERR! npm ERR! npm ERR! npm ERR! npm ERR! npm ERR! npm ERR! npm ERR! npm ERR! npm ERR! path D:\Portfolio\myPocket\packages\openapi
npm ERR! npm ERR! npm ERR! npm ERR! npm ERR! npm ERR! npm ERR! npm ERR! npm ERR! npm ERR! npm ERR! npm ERR! npm ERR! npm ERR! npm ERR! npm ERR! npm ERR! npm ERR! npm ERR! npm ERR! npm ERR! npm ERR! npm ERR! command failed
npm ERR! npm ERR! npm ERR! npm ERR! npm ERR! npm ERR! npm ERR! npm ERR! npm ERR! npm ERR! npm ERR! npm ERR! npm ERR! npm ERR! npm ERR! npm ERR! npm ERR! npm ERR! npm ERR! npm ERR! npm ERR! npm ERR! npm ERR! command C:\Windows\system32\cmd.exe /d /s /c npm i
npm ERR! npm ERR! npm ERR! npm ERR! npm ERR! npm ERR! npm ERR! npm ERR! npm ERR! npm ERR! npm ERR! npm ERR! npm ERR! npm ERR! npm ERR! npm ERR! npm ERR! npm ERR! npm ERR! npm ERR! npm ERR! npm ERR! npm ERR! 'npm' is not recognized as an internal or external command,
npm ERR! npm ERR! npm ERR! npm ERR! npm ERR! npm ERR! npm ERR! npm ERR! npm ERR! npm ERR! npm ERR! npm ERR! npm ERR! npm ERR! npm ERR! npm ERR! npm ERR! npm ERR! npm ERR! npm ERR! npm ERR! npm ERR! npm ERR! operable program or batch file.
npm ERR! npm ERR! npm ERR! npm ERR! npm ERR! npm ERR! npm ERR! npm ERR! npm ERR! npm ERR! npm ERR! npm ERR! npm ERR! npm ERR! npm ERR! npm ERR! npm ERR! npm ERR! npm ERR! npm ERR! npm ERR! npm ERR! 
npm ERR! npm ERR! npm ERR! npm ERR! npm ERR! npm ERR! npm ERR! npm ERR! npm ERR! npm ERR! npm ERR! npm ERR! npm ERR! npm ERR! npm ERR! npm ERR! npm ERR! npm ERR! npm ERR! npm ERR! npm ERR! npm ERR! npm ERR! A complete log of this run can be found in:
npm ERR! npm ERR! npm ERR! npm ERR! npm ERR! npm ERR! npm ERR! npm ERR! npm ERR! npm ERR! npm ERR! npm ERR! npm ERR! npm ERR! npm ERR! npm ERR! npm ERR! npm ERR! npm ERR! npm ERR! npm ERR! npm ERR! npm ERR!     C:\Users\k99ba\AppData\Local\npm-cache\_logs\2023-02-25T08_31_25_778Z-debug-0.log
npm ERR! npm ERR! npm ERR! npm ERR! npm ERR! npm ERR! npm ERR! npm ERR! npm ERR! npm ERR! npm ERR! npm ERR! npm ERR! npm ERR! npm ERR! npm ERR! npm ERR! npm ERR! npm ERR! npm ERR! npm ERR! 
npm ERR! npm ERR! npm ERR! npm ERR! npm ERR! npm ERR! npm ERR! npm ERR! npm ERR! npm ERR! npm ERR! npm ERR! npm ERR! npm ERR! npm ERR! npm ERR! npm ERR! npm ERR! npm ERR! npm ERR! npm ERR! npm ERR! A complete log of this run can be found in:
npm ERR! npm ERR! npm ERR! npm ERR! npm ERR! npm ERR! npm ERR! npm ERR! npm ERR! npm ERR! npm ERR! npm ERR! npm ERR! npm ERR! npm ERR! npm ERR! npm ERR! npm ERR! npm ERR! npm ERR! npm ERR! npm ERR!     C:\Users\k99ba\AppData\Local\npm-cache\_logs\2023-02-25T08_31_23_453Z-debug-0.log
npm ERR! npm ERR! npm ERR! npm ERR! npm ERR! npm ERR! npm ERR! npm ERR! npm ERR! npm ERR! npm ERR! npm ERR! npm ERR! npm ERR! npm ERR! npm ERR! npm ERR! npm ERR! npm ERR! npm ERR! 
npm ERR! npm ERR! npm ERR! npm ERR! npm ERR! npm ERR! npm ERR! npm ERR! npm ERR! npm ERR! npm ERR! npm ERR! npm ERR! npm ERR! npm ERR! npm ERR! npm ERR! npm ERR! npm ERR! npm ERR! npm ERR! A complete log of this run can be found in:
npm ERR! npm ERR! npm ERR! npm ERR! npm ERR! npm ERR! npm ERR! npm ERR! npm ERR! npm ERR! npm ERR! npm ERR! npm ERR! npm ERR! npm ERR! npm ERR! npm ERR! npm ERR! npm ERR! npm ERR! npm ERR!     C:\Users\k99ba\AppData\Local\npm-cache\_logs\2023-02-25T08_31_20_885Z-debug-0.log
npm ERR! npm ERR! npm ERR! npm ERR! npm ERR! npm ERR! npm ERR! npm ERR! npm ERR! npm ERR! npm ERR! npm ERR! npm ERR! npm ERR! npm ERR! npm ERR! npm ERR! npm ERR! npm ERR! 
npm ERR! npm ERR! npm ERR! npm ERR! npm ERR! npm ERR! npm ERR! npm ERR! npm ERR! npm ERR! npm ERR! npm ERR! npm ERR! npm ERR! npm ERR! npm ERR! npm ERR! npm ERR! npm ERR! npm ERR! A complete log of this run can be found in:
npm ERR! npm ERR! npm ERR! npm ERR! npm ERR! npm ERR! npm ERR! npm ERR! npm ERR! npm ERR! npm ERR! npm ERR! npm ERR! npm ERR! npm ERR! npm ERR! npm ERR! npm ERR! npm ERR! npm ERR!     C:\Users\k99ba\AppData\Local\npm-cache\_logs\2023-02-25T08_31_18_612Z-debug-0.log
npm ERR! npm ERR! npm ERR! npm ERR! npm ERR! npm ERR! npm ERR! npm ERR! npm ERR! npm ERR! npm ERR! npm ERR! npm ERR! npm ERR! npm ERR! npm ERR! npm ERR! npm ERR! 
npm ERR! npm ERR! npm ERR! npm ERR! npm ERR! npm ERR! npm ERR! npm ERR! npm ERR! npm ERR! npm ERR! npm ERR! npm ERR! npm ERR! npm ERR! npm ERR! npm ERR! npm ERR! npm ERR! A complete log of this run can be found in:
npm ERR! npm ERR! npm ERR! npm ERR! npm ERR! npm ERR! npm ERR! npm ERR! npm ERR! npm ERR! npm ERR! npm ERR! npm ERR! npm ERR! npm ERR! npm ERR! npm ERR! npm ERR! npm ERR!     C:\Users\k99ba\AppData\Local\npm-cache\_logs\2023-02-25T08_31_16_391Z-debug-0.log
npm ERR! npm ERR! npm ERR! npm ERR! npm ERR! npm ERR! npm ERR! npm ERR! npm ERR! npm ERR! npm ERR! npm ERR! npm ERR! npm ERR! npm ERR! npm ERR! npm ERR! 
npm ERR! npm ERR! npm ERR! npm ERR! npm ERR! npm ERR! npm ERR! npm ERR! npm ERR! npm ERR! npm ERR! npm ERR! npm ERR! npm ERR! npm ERR! npm ERR! npm ERR! npm ERR! A complete log of this run can be found in:
npm ERR! npm ERR! npm ERR! npm ERR! npm ERR! npm ERR! npm ERR! npm ERR! npm ERR! npm ERR! npm ERR! npm ERR! npm ERR! npm ERR! npm ERR! npm ERR! npm ERR! npm ERR!     C:\Users\k99ba\AppData\Local\npm-cache\_logs\2023-02-25T08_31_14_097Z-debug-0.log
npm ERR! npm ERR! npm ERR! npm ERR! npm ERR! npm ERR! npm ERR! npm ERR! npm ERR! npm ERR! npm ERR! npm ERR! npm ERR! npm ERR! npm ERR! npm ERR! 
npm ERR! npm ERR! npm ERR! npm ERR! npm ERR! npm ERR! npm ERR! npm ERR! npm ERR! npm ERR! npm ERR! npm ERR! npm ERR! npm ERR! npm ERR! npm ERR! npm ERR! A complete log of this run can be found in:
npm ERR! npm ERR! npm ERR! npm ERR! npm ERR! npm ERR! npm ERR! npm ERR! npm ERR! npm ERR! npm ERR! npm ERR! npm ERR! npm ERR! npm ERR! npm ERR! npm ERR!     C:\Users\k99ba\AppData\Local\npm-cache\_logs\2023-02-25T08_31_11_895Z-debug-0.log
npm ERR! npm ERR! npm ERR! npm ERR! npm ERR! npm ERR! npm ERR! npm ERR! npm ERR! npm ERR! npm ERR! npm ERR! npm ERR! npm ERR! npm ERR! 
npm ERR! npm ERR! npm ERR! npm ERR! npm ERR! npm ERR! npm ERR! npm ERR! npm ERR! npm ERR! npm ERR! npm ERR! npm ERR! npm ERR! npm ERR! npm ERR! A complete log of this run can be found in:
npm ERR! npm ERR! npm ERR! npm ERR! npm ERR! npm ERR! npm ERR! npm ERR! npm ERR! npm ERR! npm ERR! npm ERR! npm ERR! npm ERR! npm ERR! npm ERR!     C:\Users\k99ba\AppData\Local\npm-cache\_logs\2023-02-25T08_31_09_689Z-debug-0.log
npm ERR! npm ERR! npm ERR! npm ERR! npm ERR! npm ERR! npm ERR! npm ERR! npm ERR! npm ERR! npm ERR! npm ERR! npm ERR! npm ERR! 
npm ERR! npm ERR! npm ERR! npm ERR! npm ERR! npm ERR! npm ERR! npm ERR! npm ERR! npm ERR! npm ERR! npm ERR! npm ERR! npm ERR! npm ERR! A complete log of this run can be found in:
npm ERR! npm ERR! npm ERR! npm ERR! npm ERR! npm ERR! npm ERR! npm ERR! npm ERR! npm ERR! npm ERR! npm ERR! npm ERR! npm ERR! npm ERR!     C:\Users\k99ba\AppData\Local\npm-cache\_logs\2023-02-25T08_31_07_543Z-debug-0.log
npm ERR! npm ERR! npm ERR! npm ERR! npm ERR! npm ERR! npm ERR! npm ERR! npm ERR! npm ERR! npm ERR! npm ERR! npm ERR! 
npm ERR! npm ERR! npm ERR! npm ERR! npm ERR! npm ERR! npm ERR! npm ERR! npm ERR! npm ERR! npm ERR! npm ERR! npm ERR! npm ERR! A complete log of this run can be found in:
npm ERR! npm ERR! npm ERR! npm ERR! npm ERR! npm ERR! npm ERR! npm ERR! npm ERR! npm ERR! npm ERR! npm ERR! npm ERR! npm ERR!     C:\Users\k99ba\AppData\Local\npm-cache\_logs\2023-02-25T08_31_05_234Z-debug-0.log
npm ERR! npm ERR! npm ERR! npm ERR! npm ERR! npm ERR! npm ERR! npm ERR! npm ERR! npm ERR! npm ERR! npm ERR! 
npm ERR! npm ERR! npm ERR! npm ERR! npm ERR! npm ERR! npm ERR! npm ERR! npm ERR! npm ERR! npm ERR! npm ERR! npm ERR! A complete log of this run can be found in:
npm ERR! npm ERR! npm ERR! npm ERR! npm ERR! npm ERR! npm ERR! npm ERR! npm ERR! npm ERR! npm ERR! npm ERR! npm ERR!     C:\Users\k99ba\AppData\Local\npm-cache\_logs\2023-02-25T08_31_03_178Z-debug-0.log
npm ERR! npm ERR! npm ERR! npm ERR! npm ERR! npm ERR! npm ERR! npm ERR! npm ERR! npm ERR! npm ERR! 
npm ERR! npm ERR! npm ERR! npm ERR! npm ERR! npm ERR! npm ERR! npm ERR! npm ERR! npm ERR! npm ERR! npm ERR! A complete log of this run can be found in:
npm ERR! npm ERR! npm ERR! npm ERR! npm ERR! npm ERR! npm ERR! npm ERR! npm ERR! npm ERR! npm ERR! npm ERR!     C:\Users\k99ba\AppData\Local\npm-cache\_logs\2023-02-25T08_31_01_156Z-debug-0.log
npm ERR! npm ERR! npm ERR! npm ERR! npm ERR! npm ERR! npm ERR! npm ERR! npm ERR! npm ERR! 
npm ERR! npm ERR! npm ERR! npm ERR! npm ERR! npm ERR! npm ERR! npm ERR! npm ERR! npm ERR! npm ERR! A complete log of this run can be found in:
npm ERR! npm ERR! npm ERR! npm ERR! npm ERR! npm ERR! npm ERR! npm ERR! npm ERR! npm ERR! npm ERR!     C:\Users\k99ba\AppData\Local\npm-cache\_logs\2023-02-25T08_30_59_167Z-debug-0.log
npm ERR! npm ERR! npm ERR! npm ERR! npm ERR! npm ERR! npm ERR! npm ERR! npm ERR! 
npm ERR! npm ERR! npm ERR! npm ERR! npm ERR! npm ERR! npm ERR! npm ERR! npm ERR! npm ERR! A complete log of this run can be found in:
npm ERR! npm ERR! npm ERR! npm ERR! npm ERR! npm ERR! npm ERR! npm ERR! npm ERR! npm ERR!     C:\Users\k99ba\AppData\Local\npm-cache\_logs\2023-02-25T08_30_57_177Z-debug-0.log
npm ERR! npm ERR! npm ERR! npm ERR! npm ERR! npm ERR! npm ERR! npm ERR! 
npm ERR! npm ERR! npm ERR! npm ERR! npm ERR! npm ERR! npm ERR! npm ERR! npm ERR! A complete log of this run can be found in:
npm ERR! npm ERR! npm ERR! npm ERR! npm ERR! npm ERR! npm ERR! npm ERR! npm ERR!     C:\Users\k99ba\AppData\Local\npm-cache\_logs\2023-02-25T08_30_55_181Z-debug-0.log
npm ERR! npm ERR! npm ERR! npm ERR! npm ERR! npm ERR! npm ERR! 
npm ERR! npm ERR! npm ERR! npm ERR! npm ERR! npm ERR! npm ERR! npm ERR! A complete log of this run can be found in:
npm ERR! npm ERR! npm ERR! npm ERR! npm ERR! npm ERR! npm ERR! npm ERR!     C:\Users\k99ba\AppData\Local\npm-cache\_logs\2023-02-25T08_30_53_245Z-debug-0.log
npm ERR! npm ERR! npm ERR! npm ERR! npm ERR! npm ERR! 
npm ERR! npm ERR! npm ERR! npm ERR! npm ERR! npm ERR! npm ERR! A complete log of this run can be found in:
npm ERR! npm ERR! npm ERR! npm ERR! npm ERR! npm ERR! npm ERR!     C:\Users\k99ba\AppData\Local\npm-cache\_logs\2023-02-25T08_30_51_329Z-debug-0.log
npm ERR! npm ERR! npm ERR! npm ERR! npm ERR! 
npm ERR! npm ERR! npm ERR! npm ERR! npm ERR! npm ERR! A complete log of this run can be found in:
npm ERR! npm ERR! npm ERR! npm ERR! npm ERR! npm ERR!     C:\Users\k99ba\AppData\Local\npm-cache\_logs\2023-02-25T08_30_49_377Z-debug-0.log
npm ERR! npm ERR! npm ERR! npm ERR! 
npm ERR! npm ERR! npm ERR! npm ERR! npm ERR! A complete log of this run can be found in:
npm ERR! npm ERR! npm ERR! npm ERR! npm ERR!     C:\Users\k99ba\AppData\Local\npm-cache\_logs\2023-02-25T08_30_47_498Z-debug-0.log
npm ERR! npm ERR! npm ERR! 
npm ERR! npm ERR! npm ERR! npm ERR! A complete log of this run can be found in:
npm ERR! npm ERR! npm ERR! npm ERR!     C:\Users\k99ba\AppData\Local\npm-cache\_logs\2023-02-25T08_30_45_546Z-debug-0.log
npm ERR! npm ERR! 
npm ERR! npm ERR! npm ERR! A complete log of this run can be found in:
npm ERR! npm ERR! npm ERR!     C:\Users\k99ba\AppData\Local\npm-cache\_logs\2023-02-25T08_30_43_688Z-debug-0.log
npm ERR! 
npm ERR! npm ERR! A complete log of this run can be found in:
npm ERR! npm ERR!     C:\Users\k99ba\AppData\Local\npm-cache\_logs\2023-02-25T08_30_41_783Z-debug-0.log

npm ERR! A complete log of this run can be found in:
npm ERR!     C:\Users\k99ba\AppData\Local\npm-cache\_logs\2023-02-25T08_30_39_930Z-debug-0.log
npm ERR! Lifecycle script `install` failed with error: 
npm ERR! Error: command failed 
npm ERR!   in workspace: openapi@1.0.0 
npm ERR!   at location: D:\Portfolio\myPocket\packages\openapi 
