
> ui@0.0.0 build C:\repos\MoneyTracker\pkgs\ui
> storybook build "--output-dir" "C:\\Users\\k99ba\\AppData\\Local\\Temp\\chromatic--41296-EESmMJ0uWSwZ"

@storybook/cli v7.0.22

info => Cleaning outputDir: C:\\Users\\k99ba\\AppData\\Local\\Temp\\chromatic--41296-EESmMJ0uWSwZ
info => Loading presets
info => Building manager..
info => Manager built (515 ms)
info => Copying static files: C:\repos\MoneyTracker\node_modules\.pnpm\@storybook+manager@7.0.22\node_modules\@storybook\manager\static at C:\Users\k99ba\AppData\Local\Temp\chromatic--41296-EESmMJ0uWSwZ\sb-common-assets
WARN No story files found for the specified pattern: src\**\*.mdx
[36mvite v4.3.9 [32mbuilding for production...[36m[39m

./sb-common-assets/fonts.css doesn't exist at build time, it will remain unchanged to be resolved at runtime
transforming...

[1m[33mwarn[39m[22m - The `content` option in your Tailwind CSS configuration is missing or empty.
[1m[33mwarn[39m[22m - Configure your content sources or your generated CSS will be missing styles.
[1m[33mwarn[39m[22m - https://tailwindcss.com/docs/content-configuration
Use of eval in "../../node_modules/.pnpm/telejson@7.1.0/node_modules/telejson/dist/index.mjs" is strongly discouraged as it poses security risks and may cause issues with minification.
Use of eval in "../../node_modules/.pnpm/telejson@7.1.0/node_modules/telejson/dist/index.mjs" is strongly discouraged as it poses security risks and may cause issues with minification.
[32m✓[39m 4621 modules transformed.
rendering chunks...
computing gzip size...
[2m../../../../Users/k99ba/AppData/Local/Temp/chromatic--41296-EESmMJ0uWSwZ/[22m[32miframe.html                                                                 [39m[1m[2m   13.52 kB[22m[1m[22m[2m │ gzip:   3.64 kB[22m
[2m../../../../Users/k99ba/AppData/Local/Temp/chromatic--41296-EESmMJ0uWSwZ/[22m[35massets/preview-34393d7b.css                                                 [39m[1m[2m    4.40 kB[22m[1m[22m[2m │ gzip:   1.37 kB[22m
[2m../../../../Users/k99ba/AppData/Local/Temp/chromatic--41296-EESmMJ0uWSwZ/[22m[36massets/react-16-39873e95.js                                                 [39m[1m[2m    0.21 kB[22m[1m[22m[2m │ gzip:   0.19 kB[22m[2m │ map:     0.77 kB[22m
[2m../../../../Users/k99ba/AppData/Local/Temp/chromatic--41296-EESmMJ0uWSwZ/[22m[36massets/index-d475d2ea.js                                                    [39m[1m[2m    0.21 kB[22m[1m[22m[2m │ gzip:   0.17 kB[22m[2m │ map:     0.85 kB[22m
[2m../../../../Users/k99ba/AppData/Local/Temp/chromatic--41296-EESmMJ0uWSwZ/[22m[36massets/index-f8de5051.js                                                    [39m[1m[2m    0.25 kB[22m[1m[22m[2m │ gzip:   0.20 kB[22m[2m │ map:     0.10 kB[22m
[2m../../../../Users/k99ba/AppData/Local/Temp/chromatic--41296-EESmMJ0uWSwZ/[22m[36massets/emotion-use-insertion-effect-with-fallbacks.browser.esm-de54a3d6.js  [39m[1m[2m    0.27 kB[22m[1m[22m[2m │ gzip:   0.23 kB[22m[2m │ map:     1.21 kB[22m
[2m../../../../Users/k99ba/AppData/Local/Temp/chromatic--41296-EESmMJ0uWSwZ/[22m[36massets/extends-98964cd2.js                                                  [39m[1m[2m    0.29 kB[22m[1m[22m[2m │ gzip:   0.23 kB[22m[2m │ map:     1.01 kB[22m
[2m../../../../Users/k99ba/AppData/Local/Temp/chromatic--41296-EESmMJ0uWSwZ/[22m[36massets/_commonjs-dynamic-modules-302442b1.js                                [39m[1m[2m    0.30 kB[22m[1m[22m[2m │ gzip:   0.24 kB[22m[2m │ map:     0.12 kB[22m
[2m../../../../Users/k99ba/AppData/Local/Temp/chromatic--41296-EESmMJ0uWSwZ/[22m[36massets/use-id-1b92aa71.js                                                   [39m[1m[2m    0.44 kB[22m[1m[22m[2m │ gzip:   0.33 kB[22m[2m │ map:     2.03 kB[22m
[2m../../../../Users/k99ba/AppData/Local/Temp/chromatic--41296-EESmMJ0uWSwZ/[22m[36massets/isPlainObject-09b1af52.js                                            [39m[1m[2m    0.49 kB[22m[1m[22m[2m │ gzip:   0.35 kB[22m[2m │ map:     2.62 kB[22m
[2m../../../../Users/k99ba/AppData/Local/Temp/chromatic--41296-EESmMJ0uWSwZ/[22m[36massets/index-ebbd53ae.js                                                    [39m[1m[2m    0.53 kB[22m[1m[22m[2m │ gzip:   0.34 kB[22m[2m │ map:     4.31 kB[22m
[2m../../../../Users/k99ba/AppData/Local/Temp/chromatic--41296-EESmMJ0uWSwZ/[22m[36massets/use-media-query-e79af13d.js                                          [39m[1m[2m    0.64 kB[22m[1m[22m[2m │ gzip:   0.37 kB[22m[2m │ map:     2.42 kB[22m
[2m../../../../Users/k99ba/AppData/Local/Temp/chromatic--41296-EESmMJ0uWSwZ/[22m[36massets/preview-5ef354f3.js                                                  [39m[1m[2m    0.69 kB[22m[1m[22m[2m │ gzip:   0.49 kB[22m[2m │ map:     4.07 kB[22m
[2m../../../../Users/k99ba/AppData/Local/Temp/chromatic--41296-EESmMJ0uWSwZ/[22m[36massets/_rollupPluginBabelHelpers-0af2cae1.js                                [39m[1m[2m    0.70 kB[22m[1m[22m[2m │ gzip:   0.40 kB[22m[2m │ map:     2.85 kB[22m
[2m../../../../Users/k99ba/AppData/Local/Temp/chromatic--41296-EESmMJ0uWSwZ/[22m[36massets/plus-1bc2caf6.js                                                     [39m[1m[2m    0.70 kB[22m[1m[22m[2m │ gzip:   0.45 kB[22m[2m │ map:     2.20 kB[22m
[2m../../../../Users/k99ba/AppData/Local/Temp/chromatic--41296-EESmMJ0uWSwZ/[22m[36massets/TextEllipsis-b9fe822b.js                                             [39m[1m[2m    0.74 kB[22m[1m[22m[2m │ gzip:   0.49 kB[22m[2m │ map:     0.82 kB[22m
[2m../../../../Users/k99ba/AppData/Local/Temp/chromatic--41296-EESmMJ0uWSwZ/[22m[36massets/WithTooltip-FBT32F6Q-a981b390.js                                     [39m[1m[2m    0.76 kB[22m[1m[22m[2m │ gzip:   0.41 kB[22m[2m │ map:     0.11 kB[22m
[2m../../../../Users/k99ba/AppData/Local/Temp/chromatic--41296-EESmMJ0uWSwZ/[22m[36massets/syntaxhighlighter-QTQ2UBB4-b69c1f14.js                               [39m[1m[2m    0.78 kB[22m[1m[22m[2m │ gzip:   0.44 kB[22m[2m │ map:     0.12 kB[22m
[2m../../../../Users/k99ba/AppData/Local/Temp/chromatic--41296-EESmMJ0uWSwZ/[22m[36massets/_commonjsHelpers-042e6b4d.js                                         [39m[1m[2m    0.78 kB[22m[1m[22m[2m │ gzip:   0.44 kB[22m[2m │ map:     0.11 kB[22m
[2m../../../../Users/k99ba/AppData/Local/Temp/chromatic--41296-EESmMJ0uWSwZ/[22m[36massets/index-356e4a49.js                                                    [39m[1m[2m    0.81 kB[22m[1m[22m[2m │ gzip:   0.51 kB[22m[2m │ map:     3.27 kB[22m
[2m../../../../Users/k99ba/AppData/Local/Temp/chromatic--41296-EESmMJ0uWSwZ/[22m[36massets/preview-96ef32a7.js                                                  [39m[1m[2m    0.82 kB[22m[1m[22m[2m │ gzip:   0.49 kB[22m[2m │ map:     0.61 kB[22m
[2m../../../../Users/k99ba/AppData/Local/Temp/chromatic--41296-EESmMJ0uWSwZ/[22m[36massets/Hoverable.stories-0bc11f3f.js                                        [39m[1m[2m    0.87 kB[22m[1m[22m[2m │ gzip:   0.51 kB[22m[2m │ map:     0.11 kB[22m
[2m../../../../Users/k99ba/AppData/Local/Temp/chromatic--41296-EESmMJ0uWSwZ/[22m[36massets/preview-b1164a2e.js                                                  [39m[1m[2m    0.88 kB[22m[1m[22m[2m │ gzip:   0.58 kB[22m[2m │ map:     2.95 kB[22m
[2m../../../../Users/k99ba/AppData/Local/Temp/chromatic--41296-EESmMJ0uWSwZ/[22m[36massets/v4-a960c1f4.js                                                       [39m[1m[2m    0.92 kB[22m[1m[22m[2m │ gzip:   0.50 kB[22m[2m │ map:     5.36 kB[22m
[2m../../../../Users/k99ba/AppData/Local/Temp/chromatic--41296-EESmMJ0uWSwZ/[22m[36massets/preview-baa34ee9.js                                                  [39m[1m[2m    1.06 kB[22m[1m[22m[2m │ gzip:   0.68 kB[22m[2m │ map:     3.35 kB[22m
[2m../../../../Users/k99ba/AppData/Local/Temp/chromatic--41296-EESmMJ0uWSwZ/[22m[36massets/uniq-c1921062.js                                                     [39m[1m[2m    1.20 kB[22m[1m[22m[2m │ gzip:   0.69 kB[22m[2m │ map:    11.10 kB[22m
[2m../../../../Users/k99ba/AppData/Local/Temp/chromatic--41296-EESmMJ0uWSwZ/[22m[36massets/index-1c1adf24.js                                                    [39m[1m[2m    1.27 kB[22m[1m[22m[2m │ gzip:   0.66 kB[22m[2m │ map:     9.27 kB[22m
[2m../../../../Users/k99ba/AppData/Local/Temp/chromatic--41296-EESmMJ0uWSwZ/[22m[36massets/Divider-6fd76a9f.js                                                  [39m[1m[2m    1.32 kB[22m[1m[22m[2m │ gzip:   0.67 kB[22m[2m │ map:     1.73 kB[22m
[2m../../../../Users/k99ba/AppData/Local/Temp/chromatic--41296-EESmMJ0uWSwZ/[22m[36massets/Text-18baa5b2.js                                                     [39m[1m[2m    1.40 kB[22m[1m[22m[2m │ gzip:   0.73 kB[22m[2m │ map:     1.80 kB[22m
[2m../../../../Users/k99ba/AppData/Local/Temp/chromatic--41296-EESmMJ0uWSwZ/[22m[36massets/Spinning.stories-172c5c42.js                                         [39m[1m[2m    1.43 kB[22m[1m[22m[2m │ gzip:   0.85 kB[22m[2m │ map:   353.79 kB[22m
[2m../../../../Users/k99ba/AppData/Local/Temp/chromatic--41296-EESmMJ0uWSwZ/[22m[36massets/Tooltip.stories-e5220850.js                                          [39m[1m[2m    1.50 kB[22m[1m[22m[2m │ gzip:   0.72 kB[22m[2m │ map:     0.12 kB[22m
[2m../../../../Users/k99ba/AppData/Local/Temp/chromatic--41296-EESmMJ0uWSwZ/[22m[36massets/iconBase-6ed93852.js                                                 [39m[1m[2m    1.56 kB[22m[1m[22m[2m │ gzip:   0.79 kB[22m[2m │ map:     5.23 kB[22m
[2m../../../../Users/k99ba/AppData/Local/Temp/chromatic--41296-EESmMJ0uWSwZ/[22m[36massets/preview-9ec34bf1.js                                                  [39m[1m[2m    1.57 kB[22m[1m[22m[2m │ gzip:   0.89 kB[22m[2m │ map:     6.01 kB[22m
[2m../../../../Users/k99ba/AppData/Local/Temp/chromatic--41296-EESmMJ0uWSwZ/[22m[36massets/TextElipsis.stories-5a80fc50.js                                      [39m[1m[2m    1.60 kB[22m[1m[22m[2m │ gzip:   0.84 kB[22m[2m │ map:     0.12 kB[22m
[2m../../../../Users/k99ba/AppData/Local/Temp/chromatic--41296-EESmMJ0uWSwZ/[22m[36massets/DocsRenderer-EYKKDMVH-19db0852.js                                    [39m[1m[2m    1.60 kB[22m[1m[22m[2m │ gzip:   0.85 kB[22m[2m │ map:     2.60 kB[22m
[2m../../../../Users/k99ba/AppData/Local/Temp/chromatic--41296-EESmMJ0uWSwZ/[22m[36massets/FlexSize-df83f013.js                                                 [39m[1m[2m    1.60 kB[22m[1m[22m[2m │ gzip:   0.87 kB[22m[2m │ map:     5.10 kB[22m
[2m../../../../Users/k99ba/AppData/Local/Temp/chromatic--41296-EESmMJ0uWSwZ/[22m[36massets/Hoverable-7c7fcbd7.js                                                [39m[1m[2m    1.69 kB[22m[1m[22m[2m │ gzip:   0.61 kB[22m[2m │ map:     1.52 kB[22m
[2m../../../../Users/k99ba/AppData/Local/Temp/chromatic--41296-EESmMJ0uWSwZ/[22m[36massets/index.esm-38d87979.js                                                [39m[1m[2m    1.75 kB[22m[1m[22m[2m │ gzip:   0.80 kB[22m[2m │ map:   670.77 kB[22m
[2m../../../../Users/k99ba/AppData/Local/Temp/chromatic--41296-EESmMJ0uWSwZ/[22m[36massets/SelectField-9773a2b9.js                                              [39m[1m[2m    1.86 kB[22m[1m[22m[2m │ gzip:   0.73 kB[22m[2m │ map:     4.44 kB[22m
[2m../../../../Users/k99ba/AppData/Local/Temp/chromatic--41296-EESmMJ0uWSwZ/[22m[36massets/Container.stories-265164b5.js                                        [39m[1m[2m    1.93 kB[22m[1m[22m[2m │ gzip:   0.94 kB[22m[2m │ map:     1.10 kB[22m
[2m../../../../Users/k99ba/AppData/Local/Temp/chromatic--41296-EESmMJ0uWSwZ/[22m[36massets/keysIn-f1667fa1.js                                                   [39m[1m[2m    2.08 kB[22m[1m[22m[2m │ gzip:   1.09 kB[22m[2m │ map:    15.27 kB[22m
[2m../../../../Users/k99ba/AppData/Local/Temp/chromatic--41296-EESmMJ0uWSwZ/[22m[36massets/docs-6ce59425.js                                                     [39m[1m[2m    2.16 kB[22m[1m[22m[2m │ gzip:   1.16 kB[22m[2m │ map:     3.70 kB[22m
[2m../../../../Users/k99ba/AppData/Local/Temp/chromatic--41296-EESmMJ0uWSwZ/[22m[36massets/ScrollArea.stories-48a1c193.js                                       [39m[1m[2m    2.28 kB[22m[1m[22m[2m │ gzip:   0.96 kB[22m[2m │ map:     0.13 kB[22m
[2m../../../../Users/k99ba/AppData/Local/Temp/chromatic--41296-EESmMJ0uWSwZ/[22m[36massets/ButtonIcon-cab88941.js                                               [39m[1m[2m    2.37 kB[22m[1m[22m[2m │ gzip:   0.92 kB[22m[2m │ map:     1.77 kB[22m
[2m../../../../Users/k99ba/AppData/Local/Temp/chromatic--41296-EESmMJ0uWSwZ/[22m[36massets/Text.stories-90a73b4e.js                                             [39m[1m[2m    2.39 kB[22m[1m[22m[2m │ gzip:   0.81 kB[22m[2m │ map:     0.13 kB[22m
[2m../../../../Users/k99ba/AppData/Local/Temp/chromatic--41296-EESmMJ0uWSwZ/[22m[36massets/Pagination.stories-7bb9d16b.js                                       [39m[1m[2m    2.50 kB[22m[1m[22m[2m │ gzip:   1.16 kB[22m[2m │ map:     5.57 kB[22m
[2m../../../../Users/k99ba/AppData/Local/Temp/chromatic--41296-EESmMJ0uWSwZ/[22m[36massets/index-d37d4223.js                                                    [39m[1m[2m    2.63 kB[22m[1m[22m[2m │ gzip:   1.30 kB[22m[2m │ map:     7.49 kB[22m
[2m../../../../Users/k99ba/AppData/Local/Temp/chromatic--41296-EESmMJ0uWSwZ/[22m[36massets/ButtonIcon.stories-4f644810.js                                       [39m[1m[2m    2.71 kB[22m[1m[22m[2m │ gzip:   1.16 kB[22m[2m │ map:     2.31 kB[22m
[2m../../../../Users/k99ba/AppData/Local/Temp/chromatic--41296-EESmMJ0uWSwZ/[22m[36massets/HiddenField.stories-0ac85cb8.js                                      [39m[1m[2m    2.78 kB[22m[1m[22m[2m │ gzip:   0.91 kB[22m[2m │ map:     0.85 kB[22m
[2m../../../../Users/k99ba/AppData/Local/Temp/chromatic--41296-EESmMJ0uWSwZ/[22m[36massets/CategoryFrom.stories-f3e83ebd.js                                     [39m[1m[2m    3.00 kB[22m[1m[22m[2m │ gzip:   1.41 kB[22m[2m │ map:     0.13 kB[22m
[2m../../../../Users/k99ba/AppData/Local/Temp/chromatic--41296-EESmMJ0uWSwZ/[22m[36massets/preview-770cc08b.js                                                  [39m[1m[2m    3.22 kB[22m[1m[22m[2m │ gzip:   1.39 kB[22m[2m │ map:    10.17 kB[22m
[2m../../../../Users/k99ba/AppData/Local/Temp/chromatic--41296-EESmMJ0uWSwZ/[22m[36massets/TextField.stories-320f9174.js                                        [39m[1m[2m    3.29 kB[22m[1m[22m[2m │ gzip:   1.15 kB[22m[2m │ map:     1.74 kB[22m
[2m../../../../Users/k99ba/AppData/Local/Temp/chromatic--41296-EESmMJ0uWSwZ/[22m[36massets/index-22d85155.js                                                    [39m[1m[2m    3.56 kB[22m[1m[22m[2m │ gzip:   1.59 kB[22m[2m │ map:    27.58 kB[22m
[2m../../../../Users/k99ba/AppData/Local/Temp/chromatic--41296-EESmMJ0uWSwZ/[22m[36massets/CategoryIcon.stories-654ff0dc.js                                     [39m[1m[2m    3.68 kB[22m[1m[22m[2m │ gzip:   1.38 kB[22m[2m │ map:     0.15 kB[22m
[2m../../../../Users/k99ba/AppData/Local/Temp/chromatic--41296-EESmMJ0uWSwZ/[22m[36massets/EmailField.stories-3e721d6b.js                                       [39m[1m[2m    4.14 kB[22m[1m[22m[2m │ gzip:   1.48 kB[22m[2m │ map:     1.69 kB[22m
[2m../../../../Users/k99ba/AppData/Local/Temp/chromatic--41296-EESmMJ0uWSwZ/[22m[36massets/Button-7217f191.js                                                   [39m[1m[2m    4.23 kB[22m[1m[22m[2m │ gzip:   1.45 kB[22m[2m │ map:     5.99 kB[22m
[2m../../../../Users/k99ba/AppData/Local/Temp/chromatic--41296-EESmMJ0uWSwZ/[22m[36massets/EntryFrom.stories-618bb24a.js                                        [39m[1m[2m    4.25 kB[22m[1m[22m[2m │ gzip:   1.95 kB[22m[2m │ map:     1.79 kB[22m
[2m../../../../Users/k99ba/AppData/Local/Temp/chromatic--41296-EESmMJ0uWSwZ/[22m[36massets/Transition-002363f7.js                                               [39m[1m[2m    4.37 kB[22m[1m[22m[2m │ gzip:   1.58 kB[22m[2m │ map:    11.80 kB[22m
[2m../../../../Users/k99ba/AppData/Local/Temp/chromatic--41296-EESmMJ0uWSwZ/[22m[36massets/index-a34d2b2a.js                                                    [39m[1m[2m    4.41 kB[22m[1m[22m[2m │ gzip:   1.72 kB[22m[2m │ map:    29.58 kB[22m
[2m../../../../Users/k99ba/AppData/Local/Temp/chromatic--41296-EESmMJ0uWSwZ/[22m[36massets/_Field.stories-6de94e8d.js                                           [39m[1m[2m    4.51 kB[22m[1m[22m[2m │ gzip:   1.25 kB[22m[2m │ map:     0.19 kB[22m
[2m../../../../Users/k99ba/AppData/Local/Temp/chromatic--41296-EESmMJ0uWSwZ/[22m[36massets/Divider.stories-27364123.js                                          [39m[1m[2m    5.05 kB[22m[1m[22m[2m │ gzip:   1.20 kB[22m[2m │ map:     0.17 kB[22m
[2m../../../../Users/k99ba/AppData/Local/Temp/chromatic--41296-EESmMJ0uWSwZ/[22m[36massets/index.stories-93cfb416.js                                            [39m[1m[2m    5.23 kB[22m[1m[22m[2m │ gzip:   1.91 kB[22m[2m │ map:     8.42 kB[22m
[2m../../../../Users/k99ba/AppData/Local/Temp/chromatic--41296-EESmMJ0uWSwZ/[22m[36massets/_baseIsEqual-e915623b.js                                             [39m[1m[2m    5.25 kB[22m[1m[22m[2m │ gzip:   2.44 kB[22m[2m │ map:    39.41 kB[22m
[2m../../../../Users/k99ba/AppData/Local/Temp/chromatic--41296-EESmMJ0uWSwZ/[22m[36massets/Transition.stories-aa12f105.js                                       [39m[1m[2m    5.52 kB[22m[1m[22m[2m │ gzip:   1.82 kB[22m[2m │ map:     0.88 kB[22m
[2m../../../../Users/k99ba/AppData/Local/Temp/chromatic--41296-EESmMJ0uWSwZ/[22m[36massets/SecretField.stories-4d8ab22a.js                                      [39m[1m[2m    5.55 kB[22m[1m[22m[2m │ gzip:   1.99 kB[22m[2m │ map:     6.84 kB[22m
[2m../../../../Users/k99ba/AppData/Local/Temp/chromatic--41296-EESmMJ0uWSwZ/[22m[36massets/tw-c147f5fe.js                                                       [39m[1m[2m    6.26 kB[22m[1m[22m[2m │ gzip:   2.60 kB[22m[2m │ map:    19.88 kB[22m
[2m../../../../Users/k99ba/AppData/Local/Temp/chromatic--41296-EESmMJ0uWSwZ/[22m[36massets/index-7b686c65.js                                                    [39m[1m[2m    6.60 kB[22m[1m[22m[2m │ gzip:   2.64 kB[22m[2m │ map:    29.71 kB[22m
[2m../../../../Users/k99ba/AppData/Local/Temp/chromatic--41296-EESmMJ0uWSwZ/[22m[36massets/QueryClientProvider-08937498.js                                      [39m[1m[2m    6.87 kB[22m[1m[22m[2m │ gzip:   2.69 kB[22m[2m │ map:    33.82 kB[22m
[2m../../../../Users/k99ba/AppData/Local/Temp/chromatic--41296-EESmMJ0uWSwZ/[22m[36massets/Button.stories-4f330727.js                                           [39m[1m[2m    6.95 kB[22m[1m[22m[2m │ gzip:   1.85 kB[22m[2m │ map:     2.07 kB[22m
[2m../../../../Users/k99ba/AppData/Local/Temp/chromatic--41296-EESmMJ0uWSwZ/[22m[36massets/emotion-styled.browser.esm-0237c18a.js                               [39m[1m[2m    7.34 kB[22m[1m[22m[2m │ gzip:   3.57 kB[22m[2m │ map:    18.18 kB[22m
[2m../../../../Users/k99ba/AppData/Local/Temp/chromatic--41296-EESmMJ0uWSwZ/[22m[36massets/preview-d8c963a4.js                                                  [39m[1m[2m    7.67 kB[22m[1m[22m[2m │ gzip:   1.60 kB[22m[2m │ map:    13.82 kB[22m
[2m../../../../Users/k99ba/AppData/Local/Temp/chromatic--41296-EESmMJ0uWSwZ/[22m[36massets/index-ff802670.js                                                    [39m[1m[2m    7.71 kB[22m[1m[22m[2m │ gzip:   3.28 kB[22m[2m │ map:    18.94 kB[22m
[2m../../../../Users/k99ba/AppData/Local/Temp/chromatic--41296-EESmMJ0uWSwZ/[22m[36massets/_Field-67d5e244.js                                                   [39m[1m[2m    7.90 kB[22m[1m[22m[2m │ gzip:   2.65 kB[22m[2m │ map:    34.71 kB[22m
[2m../../../../Users/k99ba/AppData/Local/Temp/chromatic--41296-EESmMJ0uWSwZ/[22m[36massets/preview-2cd4e1a1.js                                                  [39m[1m[2m    8.00 kB[22m[1m[22m[2m │ gzip:   3.04 kB[22m[2m │ map:    28.23 kB[22m
[2m../../../../Users/k99ba/AppData/Local/Temp/chromatic--41296-EESmMJ0uWSwZ/[22m[36massets/FlexSize.stories-0b7bc2ed.js                                         [39m[1m[2m    8.10 kB[22m[1m[22m[2m │ gzip:   2.24 kB[22m[2m │ map:     7.65 kB[22m
[2m../../../../Users/k99ba/AppData/Local/Temp/chromatic--41296-EESmMJ0uWSwZ/[22m[36massets/colors.stories-a1d72ce0.js                                           [39m[1m[2m    8.89 kB[22m[1m[22m[2m │ gzip:   2.63 kB[22m[2m │ map:     3.82 kB[22m
[2m../../../../Users/k99ba/AppData/Local/Temp/chromatic--41296-EESmMJ0uWSwZ/[22m[36massets/_FormUtils-e7cfa7cc.js                                               [39m[1m[2m    9.24 kB[22m[1m[22m[2m │ gzip:   3.26 kB[22m[2m │ map: 1,725.10 kB[22m
[2m../../../../Users/k99ba/AppData/Local/Temp/chromatic--41296-EESmMJ0uWSwZ/[22m[36massets/index-a6c8ef6f.js                                                    [39m[1m[2m   10.52 kB[22m[1m[22m[2m │ gzip:   3.40 kB[22m[2m │ map:    38.59 kB[22m
[2m../../../../Users/k99ba/AppData/Local/Temp/chromatic--41296-EESmMJ0uWSwZ/[22m[36massets/get-1eca3a22.js                                                      [39m[1m[2m   10.69 kB[22m[1m[22m[2m │ gzip:   4.45 kB[22m[2m │ map:    80.92 kB[22m
[2m../../../../Users/k99ba/AppData/Local/Temp/chromatic--41296-EESmMJ0uWSwZ/[22m[36massets/GlobalScrollAreaStyles-XIHNDKUY-781707f6.js                          [39m[1m[2m   10.74 kB[22m[1m[22m[2m │ gzip:   2.51 kB[22m[2m │ map:    15.79 kB[22m
[2m../../../../Users/k99ba/AppData/Local/Temp/chromatic--41296-EESmMJ0uWSwZ/[22m[36massets/Dialog.stories-87332730.js                                           [39m[1m[2m   10.75 kB[22m[1m[22m[2m │ gzip:   4.29 kB[22m[2m │ map:    65.87 kB[22m
[2m../../../../Users/k99ba/AppData/Local/Temp/chromatic--41296-EESmMJ0uWSwZ/[22m[36massets/preview-79b6624f.js                                                  [39m[1m[2m   11.17 kB[22m[1m[22m[2m │ gzip:   4.09 kB[22m[2m │ map:    29.92 kB[22m
[2m../../../../Users/k99ba/AppData/Local/Temp/chromatic--41296-EESmMJ0uWSwZ/[22m[36massets/index-890dd1b5.js                                                    [39m[1m[2m   13.55 kB[22m[1m[22m[2m │ gzip:   5.09 kB[22m[2m │ map:    53.17 kB[22m
[2m../../../../Users/k99ba/AppData/Local/Temp/chromatic--41296-EESmMJ0uWSwZ/[22m[36massets/ScrollArea-49cab63f.js                                               [39m[1m[2m   14.36 kB[22m[1m[22m[2m │ gzip:   4.64 kB[22m[2m │ map:    68.36 kB[22m
[2m../../../../Users/k99ba/AppData/Local/Temp/chromatic--41296-EESmMJ0uWSwZ/[22m[36massets/index-0bdcec52.js                                                    [39m[1m[2m   14.56 kB[22m[1m[22m[2m │ gzip:   4.75 kB[22m[2m │ map:    50.83 kB[22m
[2m../../../../Users/k99ba/AppData/Local/Temp/chromatic--41296-EESmMJ0uWSwZ/[22m[36massets/AppShell.stories-0ce444b5.js                                         [39m[1m[2m   15.05 kB[22m[1m[22m[2m │ gzip:   4.31 kB[22m[2m │ map:    29.98 kB[22m
[2m../../../../Users/k99ba/AppData/Local/Temp/chromatic--41296-EESmMJ0uWSwZ/[22m[36massets/CategoryIcon-c94266df.js                                             [39m[1m[2m   15.63 kB[22m[1m[22m[2m │ gzip:   5.75 kB[22m[2m │ map:    64.49 kB[22m
[2m../../../../Users/k99ba/AppData/Local/Temp/chromatic--41296-EESmMJ0uWSwZ/[22m[36massets/Color-3YIJY6X7-a1409c70.js                                           [39m[1m[2m   17.92 kB[22m[1m[22m[2m │ gzip:   6.90 kB[22m[2m │ map:    59.73 kB[22m
[2m../../../../Users/k99ba/AppData/Local/Temp/chromatic--41296-EESmMJ0uWSwZ/[22m[36massets/emotion-react.browser.esm-0759bfda.js                                [39m[1m[2m   18.35 kB[22m[1m[22m[2m │ gzip:   7.37 kB[22m[2m │ map:   122.45 kB[22m
[2m../../../../Users/k99ba/AppData/Local/Temp/chromatic--41296-EESmMJ0uWSwZ/[22m[36massets/iframe-bfdc0a2e.js                                                   [39m[1m[2m   19.31 kB[22m[1m[22m[2m │ gzip:   3.29 kB[22m[2m │ map:     9.85 kB[22m
[2m../../../../Users/k99ba/AppData/Local/Temp/chromatic--41296-EESmMJ0uWSwZ/[22m[36massets/chunk-4NMOSTKD-052c8761.js                                           [39m[1m[2m   21.63 kB[22m[1m[22m[2m │ gzip:   7.23 kB[22m[2m │ map:    49.60 kB[22m
[2m../../../../Users/k99ba/AppData/Local/Temp/chromatic--41296-EESmMJ0uWSwZ/[22m[36massets/preview-9783adc5.js                                                  [39m[1m[2m   33.63 kB[22m[1m[22m[2m │ gzip:  10.08 kB[22m[2m │ map:   105.30 kB[22m
[2m../../../../Users/k99ba/AppData/Local/Temp/chromatic--41296-EESmMJ0uWSwZ/[22m[36massets/Tooltip-760cb728.js                                                  [39m[1m[2m   34.00 kB[22m[1m[22m[2m │ gzip:  12.44 kB[22m[2m │ map:   188.55 kB[22m
[2m../../../../Users/k99ba/AppData/Local/Temp/chromatic--41296-EESmMJ0uWSwZ/[22m[36massets/_Form-86ab9c68.js                                                    [39m[1m[2m   38.78 kB[22m[1m[22m[2m │ gzip:  13.68 kB[22m[2m │ map:   265.49 kB[22m
[2m../../../../Users/k99ba/AppData/Local/Temp/chromatic--41296-EESmMJ0uWSwZ/[22m[36massets/icons-128bf820.js                                                    [39m[1m[2m   46.80 kB[22m[1m[22m[2m │ gzip:  15.60 kB[22m[2m │ map:    48.58 kB[22m
[2m../../../../Users/k99ba/AppData/Local/Temp/chromatic--41296-EESmMJ0uWSwZ/[22m[36massets/OverlayScrollbars-VAV6LJAB-5f80bfeb.js                               [39m[1m[2m   59.31 kB[22m[1m[22m[2m │ gzip:  25.45 kB[22m[2m │ map:   277.41 kB[22m
[2m../../../../Users/k99ba/AppData/Local/Temp/chromatic--41296-EESmMJ0uWSwZ/[22m[36massets/index-e7121fef.js                                                    [39m[1m[2m   62.65 kB[22m[1m[22m[2m │ gzip:  17.11 kB[22m[2m │ map:   205.60 kB[22m
[2m../../../../Users/k99ba/AppData/Local/Temp/chromatic--41296-EESmMJ0uWSwZ/[22m[36massets/index-702ca90c.js                                                    [39m[1m[2m  124.00 kB[22m[1m[22m[2m │ gzip:  40.11 kB[22m[2m │ map:   299.13 kB[22m
[2m../../../../Users/k99ba/AppData/Local/Temp/chromatic--41296-EESmMJ0uWSwZ/[22m[36massets/config-6f2adf95.js                                                   [39m[1m[2m  213.77 kB[22m[1m[22m[2m │ gzip:  66.58 kB[22m[2m │ map:   803.22 kB[22m
[2m../../../../Users/k99ba/AppData/Local/Temp/chromatic--41296-EESmMJ0uWSwZ/[22m[36massets/index-0cd9b9eb.js                                                    [39m[1m[2m  265.73 kB[22m[1m[22m[2m │ gzip:  63.15 kB[22m[2m │ map:   954.85 kB[22m
[2m../../../../Users/k99ba/AppData/Local/Temp/chromatic--41296-EESmMJ0uWSwZ/[22m[36massets/index-64e28155.js                                                    [39m[1m[2m  347.99 kB[22m[1m[22m[2m │ gzip: 107.06 kB[22m[2m │ map: 1,450.43 kB[22m
[2m../../../../Users/k99ba/AppData/Local/Temp/chromatic--41296-EESmMJ0uWSwZ/[22m[36massets/SelectField.stories-c23b89c7.js                                      [39m[1m[2m  404.69 kB[22m[1m[22m[2m │ gzip: 127.93 kB[22m[2m │ map:   973.14 kB[22m
[2m../../../../Users/k99ba/AppData/Local/Temp/chromatic--41296-EESmMJ0uWSwZ/[22m[36massets/index-d280a972.js                                                    [39m[1m[2m  479.24 kB[22m[1m[22m[2m │ gzip: 156.92 kB[22m[2m │ map: 1,363.47 kB[22m
[2m../../../../Users/k99ba/AppData/Local/Temp/chromatic--41296-EESmMJ0uWSwZ/[22m[36massets/axe-cfa7d87a.js                                                      [39m[1m[33m  535.60 kB[39m[22m[2m │ gzip: 146.94 kB[22m[2m │ map: 1,918.44 kB[22m
[2m../../../../Users/k99ba/AppData/Local/Temp/chromatic--41296-EESmMJ0uWSwZ/[22m[36massets/formatter-S4K5WUZV-fff6aa72.js                                       [39m[1m[33m  601.95 kB[39m[22m[2m │ gzip: 185.20 kB[22m[2m │ map: 1,314.34 kB[22m
[2m../../../../Users/k99ba/AppData/Local/Temp/chromatic--41296-EESmMJ0uWSwZ/[22m[36massets/index-4a193f06.js                                                    [39m[1m[33m2,546.48 kB[39m[22m[2m │ gzip: 964.96 kB[22m[2m │ map: 5,944.62 kB[22m
[33m
(!) Some chunks are larger than 500 kBs after minification. Consider:
- Using dynamic import() to code-split the application
- Use build.rollupOptions.output.manualChunks to improve chunking: https://rollupjs.org/configuration-options/#output-manualchunks
- Adjust chunk size limit for this warning via build.chunkSizeWarningLimit.[39m
[32m✓ built in 41.20s[39m
info => Output directory: C:\\Users\\k99ba\\AppData\\Local\\Temp\\chromatic--41296-EESmMJ0uWSwZ
